MPASM  5.05                TINYBLD18F2620.ASM   2-8-2007  19:15:08         PAGE  1


LOC  OBJECT CODE     LINE SOURCE TEXT
  VALUE

                      00001         radix DEC
                      00002         LIST      P=18F4620     ; change also: Configure->SelectDevice from Mplab 
  02625A00            00003 xtal EQU 40000000               ; you may want to change: _XT_OSC_1H  _HS_OSC_1H  _HSPLL_OSC_1H
  0001C200            00004 baud EQU 115200                 ; the desired baud rate
                      00005         ; The above 3 lines can be changed and buid a bootloader for the desired frequency (and PIC type
                            )
                      00006         
                      00007         ;********************************************************************
                      00008         ;       Tiny Bootloader         18F series              Size=100words
                      00009         ;       claudiu.chiculita@ugal.ro
                      00010         ;       http://www.etc.ugal.ro/cchiculita/software/picbootloader.htm
                      00011         ;********************************************************************
                      00012         
                      00013 
                      00014         #include "../icdpictypes.inc"   ;takes care of: #include "p18fxxx.inc",  max_flash, IdTypePIC
                      00001 ;IdTypePIC
                      00002 ;bits                    7   6   5   4   3  2  1  0
                      00003 ;meaning:                ?   type16/18 |  model_nr
                      00004 ;
                      00005 ;
                      00006 ;If you want to work with another model that is not on the list
                      00007 ;find one model that is similar to yours and has THE SAME amount
                      00008 ;of flash and replace its "IFDEF __XXXXXX" and 
                      00009 ;"#include "ZZZZZZZZZ.inc"", but the ID must remain.
                      00010 ;Each IdTypePIC has one corespondent in the PC application,
                      00011 ;if you add new ones they will not be recognized.
                      00012 
  00000000            00013 IdTypePIC SET 0
                      00014 
                      00015         IFDEF __16F876A
                      00016                 #include "p16f876a.inc"
                      00017 IdTypePIC = 0x31                
                      00018                 #define max_flash 0x2000
                      00019         ENDIF
                      00020         IFDEF __16F877A
                      00021                 #include "p16f877a.inc"
                      00022 IdTypePIC = 0x31                
                      00023                 #define max_flash 0x2000
                      00024         ENDIF
                      00025 
                      00026         IFDEF __16F873A
                      00027                 #include "p16f873a.inc"
                      00028 IdTypePIC = 0x32                
                      00029                 #define max_flash 0x1000
                      00030         ENDIF
                      00031         IFDEF __16F874A
                      00032                 #include "p16f874a.inc"
                      00033 IdTypePIC = 0x32                
                      00034                 #define max_flash 0x1000
                      00035         ENDIF
                      00036 
                      00037         IFDEF __16F87
                      00038                 #include "p16f87.inc"
MPASM  5.05                TINYBLD18F2620.ASM   2-8-2007  19:15:08         PAGE  2


LOC  OBJECT CODE     LINE SOURCE TEXT
  VALUE

                      00039 IdTypePIC = 0x33                
                      00040                 #define max_flash 0x1000
                      00041         ENDIF
                      00042         IFDEF __16F88
                      00043                 #include "p16f88.inc"
                      00044 IdTypePIC = 0x33                
                      00045                 #define max_flash 0x1000
                      00046         ENDIF
                      00047 
                      00048 
                      00049 ;---------- 18F -------------
                      00050 
                      00051         ; 28/40pin
                      00052         IFDEF __18F252
                      00053                 #include "p18f252.inc"
                      00054 IdTypePIC = 0x41
                      00055                 #define max_flash 0x8000
                      00056         ENDIF
                      00057         IFDEF __18F452
                      00058                 #include "p18f452.inc"
                      00059 IdTypePIC = 0x41
                      00060                 #define max_flash 0x8000
                      00061         ENDIF
                      00062         IFDEF __18F242
                      00063                 #include "p18f242.inc"
                      00064 IdTypePIC = 0x42
                      00065                 #define max_flash 0x4000
                      00066         ENDIF
                      00067         IFDEF __18F442
                      00068                 #include "p18f442.inc"
                      00069 IdTypePIC = 0x42
                      00070                 #define max_flash 0x4000
                      00071         ENDIF
                      00072 
                      00073 
                      00074 
                      00075         IFDEF __18F2520
                      00076                 #include "p18f2520.inc"
                      00077 IdTypePIC = 0x41
                      00078                 #define max_flash 0x8000
                      00079         ENDIF
                      00080         IFDEF __18F4520
                      00081                 #include "p18f4520.inc"
                      00082 IdTypePIC = 0x41
                      00083                 #define max_flash 0x8000
                      00084         ENDIF
                      00085         IFDEF __18F2420
                      00086                 #include "p18f2420.inc"
                      00087 IdTypePIC = 0x42
                      00088                 #define max_flash 0x4000
                      00089         ENDIF
                      00090         IFDEF __18F4420
                      00091                 #include "p18f4420.inc"
MPASM  5.05                TINYBLD18F2620.ASM   2-8-2007  19:15:08         PAGE  3


LOC  OBJECT CODE     LINE SOURCE TEXT
  VALUE

                      00092 IdTypePIC = 0x42
                      00093                 #define max_flash 0x4000
                      00094         ENDIF
                      00095 
                      00096 
                      00097 
                      00098 
                      00099 
                      00100         ; 28/40pin  can2.0
                      00101         IFDEF __18F258
                      00102                 #include <p18f258.inc>
                      00103 IdTypePIC = 0x43
                      00104                 #define max_flash 0x8000
                      00105         ENDIF
                      00106         IFDEF __18F458
                      00107                 #include <p18f458.inc>
                      00108 IdTypePIC = 0x43
                      00109                 #define max_flash 0x8000
                      00110         ENDIF
                      00111         IFDEF __18F248
                      00112                 #include <p18f248.inc>
                      00113 IdTypePIC = 0x44
                      00114                 #define max_flash 0x4000
                      00115         ENDIF
                      00116         IFDEF __18F448
                      00117                 #include <p18f448.inc>
                      00118 IdTypePIC = 0x44
                      00119                 #define max_flash 0x4000
                      00120         ENDIF
                      00121 
                      00122 
                      00123         ; 18/28pin 6pwm  (some:I2C/SPI)
                      00124         IFDEF __18F1320
                      00125                 #include <p18f1320.inc>
                      00126 IdTypePIC = 0x45
                      00127                 #define max_flash 0x2000
                      00128         ENDIF
                      00129         IFDEF __18F2320
                      00130                 #include <p18f2320.inc>
                      00131 IdTypePIC = 0x45
                      00132                 #define max_flash 0x2000
                      00133         ENDIF
                      00134         IFDEF __18F1220
                      00135                 #include <p18f1220.inc>
                      00136 IdTypePIC = 0x46
                      00137                 #define max_flash 0x1000
                      00138         ENDIF
                      00139         IFDEF __18F2220
                      00140                 #include <p18f2220.inc>
                      00141 IdTypePIC = 0x46
                      00142                 #define max_flash 0x1000
                      00143         ENDIF
                      00144 
MPASM  5.05                TINYBLD18F2620.ASM   2-8-2007  19:15:08         PAGE  4


LOC  OBJECT CODE     LINE SOURCE TEXT
  VALUE

                      00145         
                      00146         ; 40pin  6pwm
                      00147         IFDEF __18F4320
                      00148                 #include <p18f4320.inc>
                      00149 IdTypePIC = 0x47
                      00150                 #define max_flash 0x2000
                      00151         ENDIF
                      00152         IFDEF __18F4220
                      00153                 #include <p18f4220.inc>
                      00154 IdTypePIC = 0x48
                      00155                 #define max_flash 0x1000
                      00156         ENDIF
                      00157         
                      00158         
                      00159         ; 64/80pin TQFP 2usart
                      00160         IFDEF __18F6720
                      00161                 #include <p18f6720.inc>
                      00162 IdTypePIC = 0x4A
                      00163                 #define max_flash 0x20000
                      00164         ENDIF
                      00165         IFDEF __18F8720
                      00166                 #include <p18f8720.inc>
                      00167 IdTypePIC = 0x4A
                      00168                 #define max_flash 0x20000
                      00169         ENDIF
                      00170         IFDEF __18F6620
                      00171                 #include <p18f6620.inc>
                      00172 IdTypePIC = 0x4B
                      00173                 #define max_flash 0x10000
                      00174         ENDIF
                      00175         IFDEF __18F8620
                      00176                 #include <p18f8620.inc>
                      00177 IdTypePIC = 0x4B
                      00178                 #define max_flash 0x10000
                      00179         ENDIF
                      00180         IFDEF __18F6520
                      00181                 #include <p18f6520.inc>
                      00182 IdTypePIC = 0x4C
                      00183                 #define max_flash 0x8000
                      00184         ENDIF
                      00185         IFDEF __18F8520
                      00186                 #include <p18f8520.inc>
                      00187 IdTypePIC = 0x4C
                      00188                 #define max_flash 0x8000
                      00189         ENDIF
                      00190         IFDEF __18F8680
                      00191                 #include <p18f8680.inc>
                      00192 IdTypePIC = 0x4D
                      00193                 #define max_flash 0x10000
                      00194         ENDIF
                      00195 
                      00196 
                      00197         ;PIC18F 2525/2620/4525/4620  EA-USART, nanoWatt, intOSC
MPASM  5.05                TINYBLD18F2620.ASM   2-8-2007  19:15:08         PAGE  5


LOC  OBJECT CODE     LINE SOURCE TEXT
  VALUE

                      00198 
                      00199         IFDEF __18F2525
                      00200                 #include "p18f2525.inc"
                      00201 IdTypePIC = 0x4E
                      00202                 #define max_flash 0xC000
                      00203         ENDIF
                      00204         IFDEF __18F4525
                      00205                 #include "p18f4525.inc"
                      00206 IdTypePIC = 0x4E
                      00207                 #define max_flash 0xC000
                      00208         ENDIF
                      00209         IFDEF __18F2620
                      00210                 #include "p18f2620.inc"
                      00211 IdTypePIC = 0x4F
                      00212                 #define max_flash 0x10000
                      00213         ENDIF
                      00214         IFDEF __18F4620
                      00215                 #include "p18f4620.inc"
                      00001         LIST
                      00002 
                      00003 ;==========================================================================
                      00004 ;  $Id: P18F4620.INC,v 1.11.2.3 2005/10/23 23:50:04 curtiss Exp $
                      00005 ;  MPASM PIC18F4620 processor include
                      00006 ; 
                      00007 ;  (c) Copyright 1999-2005 Microchip Technology, All rights reserved
                      00008 ;==========================================================================
                      00009 
                      01321         LIST
  0000004F            00216 IdTypePIC = 0x4F
                      00217                 #define max_flash 0x10000
                      00218         ENDIF
                      00219 
                      00220 ;---------------- USB ------------------------------
                      00221 
                      00222         IFDEF __18F2550
                      00223                 #include "p18f2550.inc"
                      00224 IdTypePIC = 0x55
                      00225                 #define max_flash 0x8000
                      00226         ENDIF
                      00227         IFDEF __18F4550
                      00228                 #include "p18f4550.inc"
                      00229 IdTypePIC = 0x55
                      00230                 #define max_flash 0x8000
                      00231         ENDIF
                      00232         IFDEF __18F2455
                      00233                 #include "p18f2455.inc"
                      00234 IdTypePIC = 0x56
                      00235                 #define max_flash 0x6000
                      00236         ENDIF
                      00237         IFDEF __18F4455
                      00238                 #include "p18f4455.inc"
                      00239 IdTypePIC = 0x56
                      00240                 #define max_flash 0x6000
MPASM  5.05                TINYBLD18F2620.ASM   2-8-2007  19:15:08         PAGE  6


LOC  OBJECT CODE     LINE SOURCE TEXT
  VALUE

                      00241         ENDIF
                      00242 
                      00243 
                      00244         if IdTypePIC==0
                      00245                 error "Pic not yet implemeted"
                      00246         endif
                      00015         #include "../spbrgselect.inc"   ; RoundResult and baud_rate
  00000000            00001 RoundResult SET 0                               ; Rounding function.  RoundResult = Round(aa/bb)
                      00002 Round   macro aa,bb
                      00003         LOCAL rr = aa/bb
                      00004         LOCAL d1 = aa - rr*bb
                      00005         LOCAL d2 = (rr+1)*bb - aa
                      00006 RoundResult = rr
                      00007         if d1 >= d2
                      00008 RoundResult++
                      00009         endif
                      00010         endm
                      00011 
  00000000            00012 AbsResult SET 0
                      00013 Abs             macro nr
                      00014         if nr>=0
                      00015 AbsResult = nr
                      00016         else
                      00017 AbsResult = -nr
                      00018         endif
                      00019         endm
                      00020                 
                      00021         Round xtal,(16*baud)
  0015                    M         LOCAL rr = xtal/(16*baud)
  BA00                    M         LOCAL d1 = xtal - rr*(16*baud)
  6600                    M         LOCAL d2 = (rr+1)*(16*baud) - xtal
  00000015                M RoundResult = rr
                          M         if d1 >= d2
  00000016                M RoundResult++
                          M         endif
  00000015            00022 spbrg_value EQU RoundResult-1
                      00023 
                      00024         Round xtal,(16*(spbrg_value+1))
  BBE4                    M         LOCAL rr = xtal/(16*(spbrg_value+1))
  0080                    M         LOCAL d1 = xtal - rr*(16*(spbrg_value+1))
  00E0                    M         LOCAL d2 = (rr+1)*(16*(spbrg_value+1)) - xtal
  0001BBE4                M RoundResult = rr
                          M         if d1 >= d2
                          M RoundResult++
                          M         endif
  0001BBE4            00025 baud_real EQU RoundResult
                      00026         Abs(baud_real-baud)
                          M         if (baud_real-baud)>=0
                          M AbsResult = (baud_real-baud)
                          M         else
  0000061C                M AbsResult = -(baud_real-baud)
                          M         endif
  00000001            00027 errpercent EQU AbsResult*100/baud
MPASM  5.05                TINYBLD18F2620.ASM   2-8-2007  19:15:08         PAGE  7


LOC  OBJECT CODE     LINE SOURCE TEXT
  VALUE

                      00028         if errpercent > 4
                      00029                 ERROR big error in baudrate: 1%
                      00030         endif
                      00031         if errpercent >= 2
                      00032                 messg baudrate not exact: 1%
                      00033         endif
                      00016 
                      00017                 #define first_address max_flash-200             ;100 words
                      00018 
                      00019 ;----------------------------- PROGRAM ---------------------------------
                      00020         cblock 0
  00000000            00021         crc
  00000001            00022         i
  00000002            00023         cnt1
  00000003            00024         cnt2
  00000004            00025         cnt3
  00000005            00026         counter_hi
  00000006            00027         counter_lo
  00000007            00028         flag
                      00029         endc
                      00030         cblock 10
  0000000A            00031         buffer:64
                      00032         endc
                      00033         
                      00034 SendL macro car
                      00035         movlw car
                      00036         movwf TXREG
                      00037         endm
                      00038         
                      00039 ;0000000000000000000000000 RESET 00000000000000000000000000
                      00040 
000000                00041                 ORG     0x0000
000000 EFA0 F07F      00042                 GOTO    IntrareBootloader
                      00043 
                      00044 ;view with TabSize=4
                      00045 ;&&&&&&&&&&&&&&&&&&&&&&&   START     &&&&&&&&&&&&&&&&&&&&&&
                      00046 ;----------------------  Bootloader  ----------------------
                      00047 ;PC_flash:              C1h                             U               H               L               
                            x  ...  <64 bytes>   ...  crc   
                      00048 ;PC_eeprom:             C1h                             40h   EEADR   EEDATA    0               crc     
                                                            
                      00049 ;PC_cfg                 C1h                     U OR 80h        H               L               1       
                                    byte    crc
                      00050 ;PIC_response:     type `K`
                      00051         
00FF38                00052         ORG first_address               ;space to deposit first 4 instr. of user prog.
00FF38 0000           00053         nop
00FF3A 0000           00054         nop
00FF3C 0000           00055         nop
00FF3E 0000           00056         nop
00FF40                00057         org first_address+8
00FF40                00058 IntrareBootloader
                      00059                                                         ;init serial port
MPASM  5.05                TINYBLD18F2620.ASM   2-8-2007  19:15:08         PAGE  8


LOC  OBJECT CODE     LINE SOURCE TEXT
  VALUE

00FF40 0E24           00060         movlw b'00100100'
00FF42 6EAC           00061         movwf TXSTA
00FF44 0E15           00062         movlw spbrg_value
00FF46 6EAF           00063         movwf SPBRG
00FF48 0E90           00064         movlw b'10010000'
00FF4A 6EAB           00065         movwf RCSTA
                      00066                                                         ;wait for computer
00FF4C D846           00067         rcall Receive                   
00FF4E 08C1           00068         sublw 0xC1                              ;Expect C1h
00FF50 E153           00069         bnz way_to_exit
                      00070         SendL IdTypePIC                 ;send PIC type
00FF52 0E4F               M         movlw IdTypePIC
00FF54 6EAD               M         movwf TXREG
00FF56                00071 MainLoop
                      00072         SendL 'K'                               ; "-Everything OK, ready and waiting."
00FF56 0E4B               M         movlw 'K'
00FF58 6EAD               M         movwf TXREG
00FF5A                00073 mainl
00FF5A 6A00           00074         clrf crc
00FF5C D83E           00075         rcall Receive                   ;Upper
00FF5E 6EF8           00076         movwf TBLPTRU
00FF60 6E07           00077                 movwf flag                      ;(for EEPROM and CFG cases)
00FF62 D83B           00078         rcall Receive                   ;Hi
00FF64 6EF7           00079         movwf TBLPTRH
00FF66 6EA9           00080                 movwf EEADR                     ;(for EEPROM case)
00FF68 D838           00081         rcall Receive                   ;Lo
00FF6A 6EF6           00082         movwf TBLPTRL
00FF6C 6EA8           00083                 movwf EEDATA            ;(for EEPROM case)
                      00084 
00FF6E D835           00085         rcall Receive                   ;count
00FF70 6E01           00086         movwf i
00FF72 2A01           00087         incf i
00FF74 EE00 F009      00088         lfsr FSR0, (buffer-1)
00FF78                00089 rcvoct                                          ;read 64+1 bytes
00FF78 6EF5           00090                 movwf TABLAT            ;prepare for cfg; => store byte before crc
00FF7A D82F           00091         rcall Receive
00FF7C 6EEC           00092         movwf PREINC0
00FF7E 2E01           00093         decfsz i
00FF80 D7FB           00094         bra rcvoct
                      00095         
00FF82 6600           00096         tstfsz crc                              ;check crc
00FF84 D01F           00097         bra ziieroare
00FF86 AC07           00098                 btfss flag,6            ;is EEPROM data?
00FF88 D003           00099                 bra noeeprom
00FF8A 0E04           00100                 movlw b'00000100'       ;Setup eeprom
00FF8C D81E           00101                 rcall Write
00FF8E D018           00102                 bra waitwre
00FF90                00103 noeeprom
00FF90 AE07           00104                 btfss flag,7            ;is CFG data?
00FF92 D004           00105                 bra noconfig
00FF94 000C           00106                 tblwt*                          ;write TABLAT(byte before crc) to TBLPTR***
00FF96 0EC4           00107                 movlw b'11000100'       ;Setup cfg
00FF98 D818           00108                 rcall Write
MPASM  5.05                TINYBLD18F2620.ASM   2-8-2007  19:15:08         PAGE  9


LOC  OBJECT CODE     LINE SOURCE TEXT
  VALUE

00FF9A D012           00109                 bra waitwre
00FF9C                00110 noconfig
                      00111                                                         ;write
00FF9C                00112 eraseloop
00FF9C 0E94           00113         movlw   b'10010100'             ; Setup erase
00FF9E D815           00114         rcall Write
00FFA0 000A           00115         TBLRD*-                                 ; point to adr-1
                      00116         
00FFA2                00117 writebigloop    
00FFA2 0E08           00118         movlw 8                                 ; 8groups
00FFA4 6E05           00119         movwf counter_hi
00FFA6 EE00 F00A      00120         lfsr FSR0,buffer
00FFAA                00121 writesloop
00FFAA 0E08           00122         movlw 8                                 ; 8bytes = 4instr
00FFAC 6E06           00123         movwf counter_lo
00FFAE                00124 writebyte
00FFAE 50EE           00125         movf POSTINC0,w                 ; put 1 byte
00FFB0 6EF5           00126         movwf TABLAT
00FFB2 000F           00127         tblwt+*
00FFB4 2E06           00128         decfsz counter_lo
00FFB6 D7FB           00129         bra writebyte
                      00130         
00FFB8 0E84           00131         movlw   b'10000100'             ; Setup writes
00FFBA D807           00132         rcall Write
00FFBC 2E05           00133         decfsz counter_hi
00FFBE D7F5           00134         bra writesloop
00FFC0                00135 waitwre 
                      00136         ;btfsc EECON1,WR                ;for eeprom writes (wait to finish write)
                      00137         ;bra waitwre                    ;no need: round trip time with PC bigger than 4ms
                      00138         
00FFC0 94A6           00139         bcf EECON1,WREN                 ;disable writes
00FFC2 D7C9           00140         bra MainLoop
                      00141         
00FFC4                00142 ziieroare                                       ;CRC failed
                      00143         SendL 'N'
00FFC4 0E4E               M         movlw 'N'
00FFC6 6EAD               M         movwf TXREG
00FFC8 D7C8           00144         bra mainl
                      00145           
                      00146 ;******** procedures ******************
                      00147 
00FFCA                00148 Write
00FFCA 6EA6           00149         movwf EECON1
00FFCC 0E55           00150         movlw 0x55
00FFCE 6EA7           00151         movwf EECON2
00FFD0 0EAA           00152         movlw 0xAA
00FFD2 6EA7           00153         movwf EECON2
00FFD4 82A6           00154         bsf EECON1,WR                   ;WRITE
00FFD6 0000           00155         nop
                      00156         ;nop
00FFD8 0012           00157         return
                      00158 
                      00159 
MPASM  5.05                TINYBLD18F2620.ASM   2-8-2007  19:15:08         PAGE 10


LOC  OBJECT CODE     LINE SOURCE TEXT
  VALUE

00FFDA                00160 Receive
00FFDA 0E15           00161         movlw xtal/2000000+1    ; for 20MHz => 11 => 1second delay
00FFDC 6E02           00162         movwf cnt1
00FFDE                00163 rpt2                                            
00FFDE 6A03           00164         clrf cnt2
00FFE0                00165 rpt3
00FFE0 6A04           00166         clrf cnt3
00FFE2                00167 rptc
00FFE2 AA9E           00168                 btfss PIR1,RCIF                 ;test RX
00FFE4 D003           00169                 bra notrcv
00FFE6 50AE           00170             movf RCREG,w                        ;return read data in W
00FFE8 2600           00171             addwf crc,f                         ;compute crc
00FFEA 0012           00172                 return
00FFEC                00173 notrcv
00FFEC 2E04           00174         decfsz cnt3
00FFEE D7F9           00175         bra rptc
00FFF0 2E03           00176         decfsz cnt2
00FFF2 D7F6           00177         bra rpt3
00FFF4 2E02           00178         decfsz cnt1
00FFF6 D7F3           00179         bra rpt2
                      00180         ;timeout:
00FFF8                00181 way_to_exit
00FFF8 9EAB           00182         bcf     RCSTA,  SPEN                    ; deactivate UART
00FFFA D79E           00183         bra first_address
                      00184 ;*************************************************************
                      00185 ; After reset
                      00186 ; Do not expect the memory to be zero,
                      00187 ; Do not expect registers to be initialised like in catalog.
                      00188 
                      00189             END
MPASM  5.05                TINYBLD18F2620.ASM   2-8-2007  19:15:08         PAGE 11


SYMBOL TABLE
  LABEL                             VALUE 

A                                 00000000
ABDEN                             00000000
ABDOVF                            00000007
ACCESS                            00000000
ACKDT                             00000005
ACKEN                             00000004
ACKSTAT                           00000006
ACQT0                             00000003
ACQT1                             00000004
ACQT2                             00000005
ADCON0                            00000FC2
ADCON1                            00000FC1
ADCON2                            00000FC0
ADCS0                             00000000
ADCS1                             00000001
ADCS2                             00000002
ADDEN                             00000003
ADEN                              00000003
ADFM                              00000007
ADIE                              00000006
ADIF                              00000006
ADIP                              00000006
ADON                              00000000
ADRES                             00000FC3
ADRESH                            00000FC4
ADRESL                            00000FC3
AN10                              00000001
AN11                              00000004
AN12                              00000000
AN4                               00000005
AN5                               00000000
AN6                               00000001
AN7                               00000002
AN8                               00000002
AN9                               00000003
Abs                               
AbsResult                         0000061C
BANKED                            00000001
BAUDCON                           00000FB8
BAUDCTL                           00000FB8
BCLIE                             00000003
BCLIF                             00000003
BCLIP                             00000003
BF                                00000000
BGST                              00000005
BOR                               00000000
BRG16                             00000003
BRGH                              00000002
BSR                               00000FE0
C                                 00000000
C1INV                             00000004
C1OUT                             00000006
C2INV                             00000005
MPASM  5.05                TINYBLD18F2620.ASM   2-8-2007  19:15:08         PAGE 12


SYMBOL TABLE
  LABEL                             VALUE 

C2OUT                             00000007
CCP1                              00000002
CCP1CON                           00000FBD
CCP1IE                            00000002
CCP1IF                            00000002
CCP1IP                            00000002
CCP1M0                            00000000
CCP1M1                            00000001
CCP1M2                            00000002
CCP1M3                            00000003
CCP1X                             00000005
CCP1Y                             00000004
CCP2CON                           00000FBA
CCP2IE                            00000000
CCP2IF                            00000000
CCP2IP                            00000000
CCP2M0                            00000000
CCP2M1                            00000001
CCP2M2                            00000002
CCP2M3                            00000003
CCP2X                             00000005
CCP2Y                             00000004
CCP2_PORTB                        00000003
CCP2_PORTC                        00000001
CCPR1                             00000FBE
CCPR1H                            00000FBF
CCPR1L                            00000FBE
CCPR2                             00000FBB
CCPR2H                            00000FBC
CCPR2L                            00000FBB
CFGS                              00000006
CHS0                              00000002
CHS1                              00000003
CHS2                              00000004
CHS3                              00000005
CIS                               00000003
CK                                00000006
CKE                               00000006
CKP                               00000004
CM0                               00000000
CM1                               00000001
CM2                               00000002
CMCON                             00000FB4
CMIE                              00000006
CMIF                              00000006
CMIP                              00000006
CREN                              00000004
CS                                00000002
CSRC                              00000007
CVR0                              00000000
CVR1                              00000001
CVR2                              00000002
CVR3                              00000003
MPASM  5.05                TINYBLD18F2620.ASM   2-8-2007  19:15:08         PAGE 13


SYMBOL TABLE
  LABEL                             VALUE 

CVRCON                            00000FB5
CVREN                             00000007
CVROE                             00000006
CVRR                              00000005
CVRSS                             00000004
D                                 00000005
DC                                00000001
DC1B0                             00000004
DC1B1                             00000005
DC2B0                             00000004
DC2B1                             00000005
DDRA                              TRISA
DDRB                              TRISB
DDRC                              TRISC
DDRD                              TRISD
DDRE                              TRISE
DEBUG                             00000FD4
DONE                              00000001
D_A                               00000005
ECCP1AS                           00000FB6
ECCPAS0                           00000004
ECCPAS1                           00000005
ECCPAS2                           00000006
ECCPASE                           00000007
EEADR                             00000FA9
EEADRH                            00000FAA
EECON1                            00000FA6
EECON2                            00000FA7
EEDATA                            00000FA8
EEIE                              00000004
EEIF                              00000004
EEIP                              00000004
EEPGD                             00000007
FAST                              00000001
FERR                              00000002
FREE                              00000004
FSR0                              00000000
FSR0H                             00000FEA
FSR0L                             00000FE9
FSR1                              00000001
FSR1H                             00000FE2
FSR1L                             00000FE1
FSR2                              00000002
FSR2H                             00000FDA
FSR2L                             00000FD9
GCEN                              00000007
GIE                               00000007
GIEH                              00000007
GIEL                              00000006
GO                                00000001
GO_DONE                           00000001
HLVDCON                           00000FD2
HLVDEN                            00000004
MPASM  5.05                TINYBLD18F2620.ASM   2-8-2007  19:15:08         PAGE 14


SYMBOL TABLE
  LABEL                             VALUE 

HLVDIE                            00000002
HLVDIF                            00000002
HLVDIN                            00000005
HLVDIP                            00000002
HLVDL0                            00000000
HLVDL1                            00000001
HLVDL2                            00000002
HLVDL3                            00000003
IBF                               00000007
IBOV                              00000005
IDLEN                             00000007
INDF0                             00000FEF
INDF1                             00000FE7
INDF2                             00000FDF
INT0                              00000000
INT0E                             00000004
INT0F                             00000001
INT0IE                            00000004
INT0IF                            00000001
INT1                              00000001
INT1E                             00000003
INT1F                             00000000
INT1IE                            00000003
INT1IF                            00000000
INT1IP                            00000006
INT1P                             00000006
INT2                              00000002
INT2E                             00000004
INT2F                             00000001
INT2IE                            00000004
INT2IF                            00000001
INT2IP                            00000007
INT2P                             00000007
INTCON                            00000FF2
INTCON2                           00000FF1
INTCON3                           00000FF0
INTEDG0                           00000006
INTEDG1                           00000005
INTEDG2                           00000004
INTSRC                            00000007
IOFS                              00000002
IPEN                              00000007
IPR1                              00000F9F
IPR2                              00000FA2
IRCF0                             00000004
IRCF1                             00000005
IRCF2                             00000006
IRVST                             00000005
IVRST                             00000005
IdTypePIC                         0000004F
IntrareBootloader                 0000FF40
KBI0                              00000004
KBI1                              00000005
MPASM  5.05                TINYBLD18F2620.ASM   2-8-2007  19:15:08         PAGE 15


SYMBOL TABLE
  LABEL                             VALUE 

KBI2                              00000006
KBI3                              00000007
LATA                              00000F89
LATA0                             00000000
LATA1                             00000001
LATA2                             00000002
LATA3                             00000003
LATA4                             00000004
LATA5                             00000005
LATA6                             00000006
LATA7                             00000007
LATB                              00000F8A
LATB0                             00000000
LATB1                             00000001
LATB2                             00000002
LATB3                             00000003
LATB4                             00000004
LATB5                             00000005
LATB6                             00000006
LATB7                             00000007
LATC                              00000F8B
LATC0                             00000000
LATC1                             00000001
LATC2                             00000002
LATC3                             00000003
LATC4                             00000004
LATC5                             00000005
LATC6                             00000006
LATC7                             00000007
LATD                              00000F8C
LATD0                             00000000
LATD1                             00000001
LATD2                             00000002
LATD3                             00000003
LATD4                             00000004
LATD5                             00000005
LATD6                             00000006
LATD7                             00000007
LATE                              00000F8D
LATE0                             00000000
LATE1                             00000001
LATE2                             00000002
LVDCON                            00000FD2
LVDEN                             00000004
LVDIE                             00000002
LVDIF                             00000002
LVDIN                             00000005
LVDIP                             00000002
LVDL0                             00000000
LVDL1                             00000001
LVDL2                             00000002
LVDL3                             00000003
LVV0                              00000000
MPASM  5.05                TINYBLD18F2620.ASM   2-8-2007  19:15:08         PAGE 16


SYMBOL TABLE
  LABEL                             VALUE 

LVV1                              00000001
LVV2                              00000002
LVV3                              00000003
MCLR                              00000003
MainLoop                          0000FF56
N                                 00000004
NOT_A                             00000005
NOT_ADDRESS                       00000005
NOT_BOR                           00000000
NOT_CS                            00000002
NOT_DONE                          00000001
NOT_MCLR                          00000003
NOT_PD                            00000002
NOT_POR                           00000001
NOT_RBPU                          00000007
NOT_RD                            00000000
NOT_RI                            00000004
NOT_SS                            00000005
NOT_T1SYNC                        00000002
NOT_T3SYNC                        00000002
NOT_TO                            00000003
NOT_W                             00000002
NOT_WR                            00000001
NOT_WRITE                         00000002
OBF                               00000006
OERR                              00000001
OSCCON                            00000FD3
OSCFIE                            00000007
OSCFIF                            00000007
OSCFIP                            00000007
OSCTUNE                           00000F9B
OSTS                              00000003
OV                                00000003
P                                 00000004
P1B                               00000005
P1C                               00000006
P1D                               00000007
PC                                00000FF9
PCFG0                             00000000
PCFG1                             00000001
PCFG2                             00000002
PCFG3                             00000003
PCL                               00000FF9
PCLATH                            00000FFA
PCLATU                            00000FFB
PD                                00000002
PDC0                              00000000
PDC1                              00000001
PDC2                              00000002
PDC3                              00000003
PDC4                              00000004
PDC5                              00000005
PDC6                              00000006
MPASM  5.05                TINYBLD18F2620.ASM   2-8-2007  19:15:08         PAGE 17


SYMBOL TABLE
  LABEL                             VALUE 

PEIE                              00000006
PEN                               00000002
PGC                               00000006
PGD                               00000007
PGM                               00000005
PIE1                              00000F9D
PIE2                              00000FA0
PIR1                              00000F9E
PIR2                              00000FA1
PLLEN                             00000006
PLUSW0                            00000FEB
PLUSW1                            00000FE3
PLUSW2                            00000FDB
POR                               00000001
PORTA                             00000F80
PORTB                             00000F81
PORTC                             00000F82
PORTD                             00000F83
PORTE                             00000F84
POSTDEC0                          00000FED
POSTDEC1                          00000FE5
POSTDEC2                          00000FDD
POSTINC0                          00000FEE
POSTINC1                          00000FE6
POSTINC2                          00000FDE
PR2                               00000FCB
PREINC0                           00000FEC
PREINC1                           00000FE4
PREINC2                           00000FDC
PROD                              00000FF3
PRODH                             00000FF4
PRODL                             00000FF3
PRSEN                             00000007
PSA                               00000003
PSP0                              00000000
PSP1                              00000001
PSP2                              00000002
PSP3                              00000003
PSP4                              00000004
PSP5                              00000005
PSP6                              00000006
PSP7                              00000007
PSPIE                             00000007
PSPIF                             00000007
PSPIP                             00000007
PSPMODE                           00000004
PSSAC0                            00000002
PSSAC1                            00000003
PSSBD0                            00000000
PSSBD1                            00000001
PWM1CON                           00000FB7
R                                 00000002
RA0                               00000000
MPASM  5.05                TINYBLD18F2620.ASM   2-8-2007  19:15:08         PAGE 18


SYMBOL TABLE
  LABEL                             VALUE 

RA1                               00000001
RA2                               00000002
RA3                               00000003
RA4                               00000004
RA5                               00000005
RA6                               00000006
RA7                               00000007
RB0                               00000000
RB1                               00000001
RB2                               00000002
RB3                               00000003
RB4                               00000004
RB5                               00000005
RB6                               00000006
RB7                               00000007
RBIE                              00000003
RBIF                              00000000
RBIP                              00000000
RBPU                              00000007
RC0                               00000000
RC1                               00000001
RC2                               00000002
RC3                               00000003
RC4                               00000004
RC5                               00000005
RC6                               00000006
RC7                               00000007
RCEN                              00000003
RCIDL                             00000006
RCIE                              00000005
RCIF                              00000005
RCIP                              00000005
RCON                              00000FD0
RCREG                             00000FAE
RCSTA                             00000FAB
RD                                00000000
RD0                               00000000
RD1                               00000001
RD16                              00000007
RD2                               00000002
RD3                               00000003
RD4                               00000004
RD5                               00000005
RD6                               00000006
RD7                               00000007
RE0                               00000000
RE1                               00000001
RE2                               00000002
RE3                               00000003
RI                                00000004
RSEN                              00000001
RX                                00000007
RX9                               00000006
MPASM  5.05                TINYBLD18F2620.ASM   2-8-2007  19:15:08         PAGE 19


SYMBOL TABLE
  LABEL                             VALUE 

RX9D                              00000000
R_W                               00000002
Receive                           0000FFDA
Round                             
RoundResult                       0001BBE4
S                                 00000003
SBOREN                            00000006
SCK                               00000003
SCKP                              00000004
SCL                               00000003
SCS0                              00000000
SCS1                              00000001
SDA                               00000004
SDI                               00000004
SDO                               00000005
SEN                               00000000
SENDB                             00000003
SMP                               00000007
SP0                               00000000
SP1                               00000001
SP2                               00000002
SP3                               00000003
SP4                               00000004
SPBRG                             00000FAF
SPBRGH                            00000FB0
SPEN                              00000007
SREN                              00000005
SS                                00000005
SSPADD                            00000FC8
SSPBUF                            00000FC9
SSPCON1                           00000FC6
SSPCON2                           00000FC5
SSPEN                             00000005
SSPIE                             00000003
SSPIF                             00000003
SSPIP                             00000003
SSPM0                             00000000
SSPM1                             00000001
SSPM2                             00000002
SSPM3                             00000003
SSPOV                             00000006
SSPSTAT                           00000FC7
STATUS                            00000FD8
STKFUL                            00000007
STKOVF                            00000007
STKPTR                            00000FFC
STKPTR0                           00000000
STKPTR1                           00000001
STKPTR2                           00000002
STKPTR3                           00000003
STKPTR4                           00000004
STKUNF                            00000006
SWDTE                             00000000
MPASM  5.05                TINYBLD18F2620.ASM   2-8-2007  19:15:08         PAGE 20


SYMBOL TABLE
  LABEL                             VALUE 

SWDTEN                            00000000
SYNC                              00000004
SendL                             
T016BIT                           00000006
T08BIT                            00000006
T0CKI                             00000004
T0CON                             00000FD5
T0CS                              00000005
T0IE                              00000005
T0IF                              00000002
T0PS0                             00000000
T0PS1                             00000001
T0PS2                             00000002
T0SE                              00000004
T13CKI                            00000000
T1CKI                             00000000
T1CKPS0                           00000004
T1CKPS1                           00000005
T1CON                             00000FCD
T1OSCEN                           00000003
T1OSI                             00000001
T1OSO                             00000000
T1RUN                             00000006
T1SYNC                            00000002
T2CKPS0                           00000000
T2CKPS1                           00000001
T2CON                             00000FCA
T2OUTPS0                          00000003
T2OUTPS1                          00000004
T2OUTPS2                          00000005
T2OUTPS3                          00000006
T3CCP1                            00000003
T3CCP2                            00000006
T3CKPS0                           00000004
T3CKPS1                           00000005
T3CON                             00000FB1
T3SYNC                            00000002
TABLAT                            00000FF5
TBLPTR                            00000FF6
TBLPTRH                           00000FF7
TBLPTRL                           00000FF6
TBLPTRU                           00000FF8
TMR0H                             00000FD7
TMR0IE                            00000005
TMR0IF                            00000002
TMR0IP                            00000002
TMR0L                             00000FD6
TMR0ON                            00000007
TMR1CS                            00000001
TMR1H                             00000FCF
TMR1IE                            00000000
TMR1IF                            00000000
TMR1IP                            00000000
MPASM  5.05                TINYBLD18F2620.ASM   2-8-2007  19:15:08         PAGE 21


SYMBOL TABLE
  LABEL                             VALUE 

TMR1L                             00000FCE
TMR1ON                            00000000
TMR2                              00000FCC
TMR2IE                            00000001
TMR2IF                            00000001
TMR2IP                            00000001
TMR2ON                            00000002
TMR3CS                            00000001
TMR3H                             00000FB3
TMR3IE                            00000001
TMR3IF                            00000001
TMR3IP                            00000001
TMR3L                             00000FB2
TMR3ON                            00000000
TO                                00000003
TOS                               00000FFD
TOSH                              00000FFE
TOSL                              00000FFD
TOSU                              00000FFF
TRISA                             00000F92
TRISA0                            00000000
TRISA1                            00000001
TRISA2                            00000002
TRISA3                            00000003
TRISA4                            00000004
TRISA5                            00000005
TRISA6                            00000006
TRISA7                            00000007
TRISB                             00000F93
TRISB0                            00000000
TRISB1                            00000001
TRISB2                            00000002
TRISB3                            00000003
TRISB4                            00000004
TRISB5                            00000005
TRISB6                            00000006
TRISB7                            00000007
TRISC                             00000F94
TRISC0                            00000000
TRISC1                            00000001
TRISC2                            00000002
TRISC3                            00000003
TRISC4                            00000004
TRISC5                            00000005
TRISC6                            00000006
TRISC7                            00000007
TRISD                             00000F95
TRISD0                            00000000
TRISD1                            00000001
TRISD2                            00000002
TRISD3                            00000003
TRISD4                            00000004
TRISD5                            00000005
MPASM  5.05                TINYBLD18F2620.ASM   2-8-2007  19:15:08         PAGE 22


SYMBOL TABLE
  LABEL                             VALUE 

TRISD6                            00000006
TRISD7                            00000007
TRISE                             00000F96
TRISE0                            00000000
TRISE1                            00000001
TRISE2                            00000002
TRMT                              00000001
TUN0                              00000000
TUN1                              00000001
TUN2                              00000002
TUN3                              00000003
TUN4                              00000004
TX                                00000006
TX9                               00000006
TX9D                              00000000
TXEN                              00000005
TXIE                              00000004
TXIF                              00000004
TXIP                              00000004
TXREG                             00000FAD
TXSTA                             00000FAC
UA                                00000001
VCFG0                             00000004
VCFG1                             00000005
VDIRMAG                           00000007
VPP                               00000003
W                                 00000000
WCOL                              00000007
WDTCON                            00000FD1
WR                                00000001
WREG                              00000FE8
WREN                              00000002
WRERR                             00000003
WUE                               00000001
Write                             0000FFCA
Z                                 00000002
_BOREN_NOSLP_2L                   000000FD
_BOREN_OFF_2L                     000000F9
_BOREN_ON_2L                      000000FB
_BOREN_SBORDIS_2L                 000000FF
_BORV_0_2L                        000000E7
_BORV_1_2L                        000000EF
_BORV_2_2L                        000000F7
_BORV_3_2L                        000000FF
_CCP2MX_PORTBE_3H                 000000FE
_CCP2MX_PORTC_3H                  000000FF
_CONFIG1H                         00300001
_CONFIG2H                         00300003
_CONFIG2L                         00300002
_CONFIG3H                         00300005
_CONFIG4L                         00300006
_CONFIG5H                         00300009
_CONFIG5L                         00300008
MPASM  5.05                TINYBLD18F2620.ASM   2-8-2007  19:15:08         PAGE 23


SYMBOL TABLE
  LABEL                             VALUE 

_CONFIG6H                         0030000B
_CONFIG6L                         0030000A
_CONFIG7H                         0030000D
_CONFIG7L                         0030000C
_CP0_OFF_5L                       000000FF
_CP0_ON_5L                        000000FE
_CP1_OFF_5L                       000000FF
_CP1_ON_5L                        000000FD
_CP2_OFF_5L                       000000FF
_CP2_ON_5L                        000000FB
_CP3_OFF_5L                       000000FF
_CP3_ON_5L                        000000F7
_CPB_OFF_5H                       000000FF
_CPB_ON_5H                        000000BF
_CPD_OFF_5H                       000000FF
_CPD_ON_5H                        0000007F
_DEBUG_OFF_4L                     000000FF
_DEBUG_ON_4L                      0000007F
_DEVID1                           003FFFFE
_DEVID2                           003FFFFF
_EBTR0_OFF_7L                     000000FF
_EBTR0_ON_7L                      000000FE
_EBTR1_OFF_7L                     000000FF
_EBTR1_ON_7L                      000000FD
_EBTR2_OFF_7L                     000000FF
_EBTR2_ON_7L                      000000FB
_EBTR3_OFF_7L                     000000FF
_EBTR3_ON_7L                      000000F7
_EBTRB_OFF_7H                     000000FF
_EBTRB_ON_7H                      000000BF
_FCMEN_OFF_1H                     000000BF
_FCMEN_ON_1H                      000000FF
_IDLOC0                           00200000
_IDLOC1                           00200001
_IDLOC2                           00200002
_IDLOC3                           00200003
_IDLOC4                           00200004
_IDLOC5                           00200005
_IDLOC6                           00200006
_IDLOC7                           00200007
_IESO_OFF_1H                      0000007F
_IESO_ON_1H                       000000FF
_LPT1OSC_OFF_3H                   000000FB
_LPT1OSC_ON_3H                    000000FF
_LVP_OFF_4L                       000000FB
_LVP_ON_4L                        000000FF
_MCLRE_OFF_3H                     0000007F
_MCLRE_ON_3H                      000000FF
_OSC_ECIO6_1H                     000000F5
_OSC_EC_1H                        000000F4
_OSC_HSPLL_1H                     000000F6
_OSC_HS_1H                        000000F2
_OSC_INTIO67_1H                   000000F8
MPASM  5.05                TINYBLD18F2620.ASM   2-8-2007  19:15:08         PAGE 24


SYMBOL TABLE
  LABEL                             VALUE 

_OSC_INTIO7_1H                    000000F9
_OSC_LP_1H                        000000F0
_OSC_RCIO6_1H                     000000F7
_OSC_RC_1H                        000000F3
_OSC_XT_1H                        000000F1
_PBADEN_OFF_3H                    000000FD
_PBADEN_ON_3H                     000000FF
_PWRT_OFF_2L                      000000FF
_PWRT_ON_2L                       000000FE
_STVREN_OFF_4L                    000000FE
_STVREN_ON_4L                     000000FF
_WDTPS_1024_2H                    000000F5
_WDTPS_128_2H                     000000EF
_WDTPS_16384_2H                   000000FD
_WDTPS_16_2H                      000000E9
_WDTPS_1_2H                       000000E1
_WDTPS_2048_2H                    000000F7
_WDTPS_256_2H                     000000F1
_WDTPS_2_2H                       000000E3
_WDTPS_32768_2H                   000000FF
_WDTPS_32_2H                      000000EB
_WDTPS_4096_2H                    000000F9
_WDTPS_4_2H                       000000E5
_WDTPS_512_2H                     000000F3
_WDTPS_64_2H                      000000ED
_WDTPS_8192_2H                    000000FB
_WDTPS_8_2H                       000000E7
_WDT_OFF_2H                       000000FE
_WDT_ON_2H                        000000FF
_WRT0_OFF_6L                      000000FF
_WRT0_ON_6L                       000000FE
_WRT1_OFF_6L                      000000FF
_WRT1_ON_6L                       000000FD
_WRT2_OFF_6L                      000000FF
_WRT2_ON_6L                       000000FB
_WRT3_OFF_6L                      000000FF
_WRT3_ON_6L                       000000F7
_WRTB_OFF_6H                      000000FF
_WRTB_ON_6H                       000000BF
_WRTC_OFF_6H                      000000FF
_WRTC_ON_6H                       000000DF
_WRTD_OFF_6H                      000000FF
_WRTD_ON_6H                       0000007F
_XINST_OFF_4L                     000000BF
_XINST_ON_4L                      000000FF
__18F4620                         00000001
baud                              0001C200
baud_real                         0001BBE4
buffer                            0000000A
cnt1                              00000002
cnt2                              00000003
cnt3                              00000004
counter_hi                        00000005
MPASM  5.05                TINYBLD18F2620.ASM   2-8-2007  19:15:08         PAGE 25


SYMBOL TABLE
  LABEL                             VALUE 

counter_lo                        00000006
crc                               00000000
eraseloop                         0000FF9C
errpercent                        00000001
first_address                     max_flash-200
flag                              00000007
i                                 00000001
mainl                             0000FF5A
max_flash                         0x10000
noconfig                          0000FF9C
noeeprom                          0000FF90
notrcv                            0000FFEC
rcvoct                            0000FF78
rpt2                              0000FFDE
rpt3                              0000FFE0
rptc                              0000FFE2
spbrg_value                       00000015
waitwre                           0000FFC0
way_to_exit                       0000FFF8
writebigloop                      0000FFA2
writebyte                         0000FFAE
writesloop                        0000FFAA
xtal                              02625A00
ziieroare                         0000FFC4


MEMORY USAGE MAP ('X' = Used,  '-' = Unused)

0000 : XXXX------------ ---------------- ---------------- ----------------
FF00 : ---------------- ---------------- ---------------- --------XXXXXXXX
FF40 : XXXXXXXXXXXXXXXX XXXXXXXXXXXXXXXX XXXXXXXXXXXXXXXX XXXXXXXXXXXXXXXX
FF80 : XXXXXXXXXXXXXXXX XXXXXXXXXXXXXXXX XXXXXXXXXXXXXXXX XXXXXXXXXXXXXXXX
FFC0 : XXXXXXXXXXXXXXXX XXXXXXXXXXXXXXXX XXXXXXXXXXXXXXXX XXXXXXXXXXXX----

All other memory blocks unused.

Program Memory Bytes Used:   200
Program Memory Bytes Free: 65336


Errors   :     0
Warnings :     0 reported,     0 suppressed
Messages :     0 reported,     0 suppressed

