

HI-TECH Software PICC Macro Assembler V8.05PL2
                                                      Tue Jan 30 21:11:06 2007


     1                           	processor	16F877A
     2                           	opt	pw 79
     3                           	psect	text0,local,class=CODE,delta=2
     4                           	psect	reserved,global,class=CODE,delta=2
     5                           	psect	text1,local,class=CODE,delta=2
     6                           	psect	intcode,global,class=CODE,delta=2
     7                           	psect	intsave_0,global,ovrld,class=COMBANK,spa
      +                          ce=1,delta=1
     8                           	psect	intret,global,class=CODE,delta=2
     9                           	psect	intentry,global,class=CODE,delta=2
    10                           	psect	intsave,global,class=BANK0,space=1,delta
      +                          =1
    11                           	psect	text2,local,class=CODE,delta=2
    12                           	psect	text3,local,class=CODE,delta=2
    13                           	psect	rbss_0,global,class=BANK0,space=1,delta=
      +                          1
    14  0000                     
    15  0000                     
    16  0000                     
    17  0000                     
    18  0000                     
    19  0000                     
    20  0000                     
    21  0000                     
    22  0000                     
    23  0000                     	;#
    24                           
    25                           	psect	text0
    26  005B                     _main
    27                           ;motor.c: 44: ADCON1 = 0b00000110;
    28  005B  3006               	movlw	6
    29  005C  1683               	bsf	3,5
    30  005D  1303               	bcf	3,6	;carry unused
    31  005E  009F               	movwf	31	;volatile
    32                           ;motor.c: 45: PORTB = 0;
    33  005F  1283               	bcf	3,5
    34  0060  0186               	clrf	6	;volatile
    35                           ;motor.c: 46: PORTD = 0;
    36  0061  0188               	clrf	8	;volatile
    37                           ;motor.c: 47: TRISB = 0b00000000;
    38  0062  1683               	bsf	3,5
    39  0063  0186               	clrf	6	;volatile
    40                           ;motor.c: 48: TRISD = 0b00000000;
    41  0064  0188               	clrf	8	;volatile
    42                           ;motor.c: 49: OPTION = 0b00001000;
    43  0065  3008               	movlw	8
    44  0066  0081               	movwf	1
    45                           ;motor.c: 50: T0IE = 1;
    46  0067  168B               	bsf	11,5
    47                           ;motor.c: 51: GIE = 1;
    48  0068  178B               	bsf	11,7
    49                           ;motor.c: 53: Motor1Speed = 50;
    50  0069  3032               	movlw	50
    51  006A  1283               	bcf	3,5
    52  006B  00A0               	movwf	_Motor1Speed
    53                           ;motor.c: 54: Motor2Speed = 50;
    54  006C  00A1               	movwf	_Motor2Speed
    55                           ;motor.c: 55: Motor3Speed = 255;
    56  006D  30FF               	movlw	-1
    57  006E  00A2               	movwf	_Motor3Speed
    58                           ;motor.c: 56: Motor4Speed = 255;
    59  006F  00A3               	movwf	_Motor4Speed
    60                           ;motor.c: 57: pwmCount = 0;
    61  0070  01A4               	clrf	_pwmCount
    62                           ;motor.c: 59: Motor1Dir = 1;
    63  0071  1606               	bsf	6,4
    64                           ;motor.c: 60: Motor2Dir = 1;
    65  0072  1506               	bsf	6,2
    66                           ;motor.c: 61: Motor3Dir = 1;
    67  0073  1406               	bsf	6,0
    68                           ;motor.c: 62: Motor4Dir = 1;
    69  0074  1708               	bsf	8,6
    70                           ;motor.c: 64: while(1) {
    71  0075                     l3
    72                           ;motor.c: 65: }
    73  0075  2875               	goto	l3
    74                           
    75                           	psect	reserved
    76  0000  2820               	goto	32	; Jump to init code ;#
    77                           
    78                           	psect	intcode
    79                           ;motor.c: 72: static void interrupt isr(void)
    80                           ;motor.c: 73: {
    81  000D                     _isr
    82  000D                     int_func
    83                           ;motor.c: 74: proc_interrupt();
    84  000D  2031               	call	_proc_interrupt
    85                           ;motor.c: 75: return;
    86                           ;motor.c: 76: }
    87  000E  1303               	bcf	3,6	;carry unused
    88  000F  1283               	bcf	3,5
    89                           
    90                           	psect	intsave_0
    91  0071                     saved_w
    92  0071                     	ds	1
    93                           
    94                           	psect	intret
    95  0010  0826               	movf	saved_fsr,w
    96  0011  0084               	movwf	4	;restore FSR
    97  0012  0827               	movf	saved_pclath,w
    98  0013  008A               	movwf	10
    99  0014                     int_restore
   100  0014  0825               	movf	saved_status,w
   101  0015  0083               	movwf	3
   102  0016  0EF1               	swapf	saved_w
   103  0017  0E71               	swapf	saved_w,w
   104  0018  0009               	retfie
   105                           
   106                           	psect	intentry
   107  0004                     int_entry
   108  0004  00F1               	movwf	saved_w
   109  0005  0803               	movf	3,w
   110  0006  0183               	clrf	3
   111  0007  00A5               	movwf	saved_status
   112  0008  0804               	movf	4,w
   113  0009  00A6               	movwf	saved_fsr
   114  000A  080A               	movf	10,w
   115  000B  00A7               	movwf	saved_pclath
   116  000C  018A               	clrf	10
   117                           
   118                           	psect	intsave
   119  0025                     saved_status
   120  0025                     	ds	1
   121  0026                     saved_fsr
   122  0026                     	ds	1
   123  0027                     saved_pclath
   124  0027                     	ds	1
   125                           
   126                           	psect	text2
   127                           ;motor.c: 79: void proc_interrupt(void)
   128                           ;motor.c: 80: {
   129  0031                     _proc_interrupt
   130                           ;motor.c: 81: if(T0IF) {
   131  0031  1D0B               	btfss	11,2
   132  0032  2859               	goto	l6
   133                           ;motor.c: 82: pwmCount++;
   134  0033  1283               	bcf	3,5
   135  0034  1303               	bcf	3,6	;carry unused
   136  0035  0AA4               	incf	_pwmCount
   137                           ;motor.c: 83: if(pwmCount >=Motor1Speed) {Motor
      +                          1Power = 0;} else Motor1Power = 1;
   138  0036  0820               	movf	_Motor1Speed,w
   139  0037  0224               	subwf	_pwmCount,w
   140  0038  1C03               	btfss	3,0
   141  0039  283C               	goto	l8
   142  003A  1286               	bcf	6,5
   143  003B  283D               	goto	l9
   144  003C                     l8
   145  003C  1686               	bsf	6,5
   146  003D                     l9
   147                           ;motor.c: 84: if(pwmCount >=Motor2Speed) {Motor
      +                          2Power = 0;} else Motor2Power = 1;
   148  003D  1283               	bcf	3,5
   149  003E  1303               	bcf	3,6	;carry unused
   150  003F  0821               	movf	_Motor2Speed,w
   151  0040  0224               	subwf	_pwmCount,w
   152  0041  1C03               	btfss	3,0
   153  0042  2845               	goto	l10
   154  0043  1186               	bcf	6,3
   155  0044  2846               	goto	l11
   156  0045                     l10
   157  0045  1586               	bsf	6,3
   158  0046                     l11
   159                           ;motor.c: 85: if(pwmCount >=Motor3Speed) {Motor
      +                          3Power = 0;} else Motor3Power = 1;
   160  0046  1283               	bcf	3,5
   161  0047  1303               	bcf	3,6	;carry unused
   162  0048  0822               	movf	_Motor3Speed,w
   163  0049  0224               	subwf	_pwmCount,w
   164  004A  1C03               	btfss	3,0
   165  004B  284E               	goto	l12
   166  004C  1086               	bcf	6,1
   167  004D  284F               	goto	l13
   168  004E                     l12
   169  004E  1486               	bsf	6,1
   170  004F                     l13
   171                           ;motor.c: 86: if(pwmCount >=Motor4Speed) {Motor
      +                          4Power = 0;} else Motor4Power = 1;
   172  004F  1283               	bcf	3,5
   173  0050  1303               	bcf	3,6	;carry unused
   174  0051  0823               	movf	_Motor4Speed,w
   175  0052  0224               	subwf	_pwmCount,w
   176  0053  1C03               	btfss	3,0
   177  0054  2857               	goto	l14
   178  0055  1388               	bcf	8,7
   179  0056  2858               	goto	l15
   180  0057                     l14
   181  0057  1788               	bsf	8,7
   182  0058                     l15
   183                           ;motor.c: 87: T0IF = 0;
   184  0058  110B               	bcf	11,2
   185                           ;motor.c: 88: }
   186                           ;motor.c: 89: return;
   187                           ;motor.c: 90: }
   188  0059                     l6
   189  0059  0183               	clrf	3	;select bank 0
   190  005A  0008               	return
   191                           
   192                           	psect	text3
   193  0000                     
   194  0000                     
   195  0000                     
   196  0000                     
   197  0000                     
   198  0000                     
   199  0000                     
   200  0000                     
   201  0000                     
   202  0000                     
   203  0000                     
   204  0000                     
   205  0000                     
   206  0000                     
   207  0000                     
   208  0000                     
   209  0000                     
   210  0000                     
   211  0000                     
   212  0000                     
   213  0000                     
   214  0000                     
   215  0000                     
   216  0000                     
   217  0000                     
   218  0000                     
   219  0000                     
   220  0000                     
   221  0000                     
   222  0000                     
   223  0000                     
   224  0000                     
   225  0000                     
   226  0000                     
   227  0000                     
   228  0000                     
   229  0000                     
   230  0000                     
   231  0000                     
   232  0000                     
   233  0000                     
   234  0000                     
   235  0000                     
   236  0000                     
   237  0000                     
   238  0000                     
   239  0000                     
   240  0000                     
   241  0000                     
   242  0000                     
   243  0000                     
   244  0000                     
   245  0000                     
   246  0000                     
   247  0000                     
   248  0000                     
   249  0000                     
   250  0000                     
   251  0000                     
   252  0000                     
   253  0000                     
   254  0000                     
   255  0000                     
   256  0000                     
   257  0000                     
   258  0000                     
   259  0000                     
   260  0000                     
   261  0000                     
   262  0000                     
   263  0000                     
   264  0000                     
   265  0000                     
   266  0000                     
   267  0000                     
   268  0000                     
   269  0000                     
   270  0000                     
   271  0000                     
   272  0000                     
   273  0000                     
   274  0000                     
   275  0000                     
   276  0000                     
   277  0000                     
   278  0000                     
   279  0000                     
   280  0000                     
   281  0000                     
   282  0000                     
   283  0000                     
   284  0000                     
   285  0000                     
   286  0000                     
   287  0000                     
   288  0000                     
   289  0000                     
   290  0000                     
   291  0000                     
   292  0000                     
   293  0000                     
   294  0000                     
   295  0000                     
   296  0000                     
   297  0000                     
   298  0000                     
   299  0000                     
   300  0000                     
   301  0000                     
   302  0000                     
   303  0000                     
   304  0000                     
   305  0000                     
   306  0000                     
   307  0000                     
   308  0000                     
   309  0000                     
   310  0000                     
   311  0000                     
   312  0000                     
   313  0000                     
   314  0000                     
   315  0000                     
   316  0000                     
   317  0000                     
   318  0000                     
   319  0000                     
   320  0000                     
   321  0000                     
   322  0000                     
   323  0000                     
   324  0000                     
   325  0000                     
   326  0000                     
   327  0000                     
   328  0000                     
   329  0000                     
   330  0000                     
   331  0000                     
   332  0000                     
   333  0000                     
   334  0000                     
   335  0000                     
   336  0000                     
   337  0000                     
   338  0000                     
   339  0000                     
   340  0000                     
   341  0000                     
   342  0000                     
   343  0000                     
   344  0000                     
   345  0000                     
   346  0000                     
   347  0000                     
   348  0000                     
   349  0000                     
   350  0000                     
   351  0000                     
   352  0000                     
   353  0000                     
   354  0000                     
   355  0000                     
   356  0000                     
   357  0000                     
   358  0000                     
   359  0000                     
   360  0000                     
   361  0000                     
   362  0000                     
   363  0000                     
   364  0000                     
   365  0000                     
   366  0000                     
   367  0000                     
   368  0000                     
   369  0000                     
   370  0000                     
   371  0000                     
   372  0000                     
   373  0000                     
   374  0000                     
   375  0000                     
   376  0000                     
   377  0000                     
   378  0000                     
   379  0000                     
   380  0000                     
   381  0000                     
   382  0000                     
   383  0000                     
   384  0000                     
   385  0000                     
   386  0000                     
   387  0000                     
   388  0000                     
   389  0000                     
   390  0000                     
   391  0000                     
   392  0000                     
   393  0000                     
   394  0000                     
   395  0000                     
   396  0000                     
   397  0000                     
   398  0000                     
   399  0000                     
   400  0000                     
   401  0000                     
   402  0000                     
   403  0000                     
   404  0000                     
   405  0000                     
   406  0000                     
   407  0000                     
   408  0000                     
   409  0000                     
   410  0000                     
   411  0000                     
   412  0000                     
   413  0000                     
   414  0000                     
   415  0000                     
   416  0000                     
   417  0000                     
   418  0000                     
   419  0000                     
   420  0000                     
   421                           
   422                           	psect	rbss_0
   423  0020                     _Motor1Speed
   424  0020                     	ds	1
   425  0021                     _Motor2Speed
   426  0021                     	ds	1
   427  0022                     _Motor3Speed
   428  0022                     	ds	1
   429  0023                     _Motor4Speed
   430  0023                     	ds	1
   431  0000                     
   432  0000                     
   433  0000                     
   434  0000                     
   435  0000                     
   436  0000                     
   437  0000                     
   438  0000                     
   439  0000                     
   440  0000                     
   441  0000                     
   442  0000                     
   443  0000                     
   444  0000                     
   445  0000                     
   446  0000                     
   447  0000                     
   448  0000                     
   449  0000                     
   450  0000                     
   451  0000                     
   452  0000                     
   453  0000                     
   454  0000                     
   455  0000                     
   456  0000                     
   457  0000                     
   458  0000                     
   459  0000                     
   460  0000                     
   461  0000                     
   462  0000                     
   463  0000                     
   464  0000                     
   465  0000                     
   466  0000                     
   467  0024                     _pwmCount
   468  0024                     	ds	1


HI-TECH Software PICC Macro Assembler V8.05PL2
Symbol Table                                          Tue Jan 30 21:11:06 2007

             l3 0075               l6 0059               l8 003C  
             l9 003D              l10 0045              l11 0046  
            l12 004E              l13 004F              l14 0057  
            l15 0058              fsr 0004  _proc_interrupt 0031  
           _isr 000D    save_code_ptr 000D        _pwmCount 0024  
    save_btemp0 000D      save_btemp1 000D      save_btemp2 000D  
    save_btemp3 000D      save_btemp4 000D      save_btemp5 000D  
    save_btemp6 000D      save_btemp7 000D      save_btemp8 000D  
    save_btemp9 000D            _main 005B            start 0024  
        saved_w 0071        int_entry 0004     _Motor1Speed 0020  
   _Motor2Speed 0021        saved_fsr 0026     _Motor3Speed 0022  
   _Motor4Speed 0023     save_btemp10 000D     save_btemp11 000D  
   save_btemp12 000D     save_btemp13 000D     save_btemp14 000D  
   saved_pclath 0027           pclath 000A     saved_status 0025  
         status 0003         int_func 000D      clear_bank0 0024  
    int_restore 0014  
